\BOOKMARK [1][-]{chapter*.2}{\376\377\000\332\000v\000o\000d}{}% 1
\BOOKMARK [0][-]{chapter.1}{\376\377\000A\000n\000a\000l\000\375\000z\000a}{}% 2
\BOOKMARK [1][-]{section.1.1}{\376\377\001\014\000\355\000s\000l\000i\000c\000o\000v\000\375\000\040\000n\000\341\000v\000r\000h}{chapter.1}% 3
\BOOKMARK [2][-]{subsection.1.1.1}{\376\377\000K\000o\000m\000b\000i\000n\000a\001\015\000n\000\355\000\040\000o\000b\000v\000o\000d\000y}{section.1.1}% 4
\BOOKMARK [2][-]{subsection.1.1.2}{\376\377\000S\000e\000k\000v\000e\000n\001\015\000n\000\355\000\040\000o\000b\000v\000o\000d\000y}{section.1.1}% 5
\BOOKMARK [2][-]{subsection.1.1.3}{\376\377\000S\000y\000n\000c\000h\000r\000o\000n\000n\000\355\000\040\000a\000\040\000a\000s\000y\000n\000c\000h\000r\000o\000n\000n\000\355\000\040\000n\000\341\000v\000r\000h}{section.1.1}% 6
\BOOKMARK [2][-]{subsection.1.1.4}{\376\377\000J\000a\000z\000y\000k\000\040\000V\000H\000D\000L}{section.1.1}% 7
\BOOKMARK [1][-]{section.1.2}{\376\377\000P\000r\000o\000g\000r\000a\000m\000o\000v\000a\000t\000e\000l\000n\000\341\000\040\000h\000r\000a\000d\000l\000o\000v\000\341\000\040\000p\000o\000l\000e\000\040\000F\000P\000G\000A}{chapter.1}% 8
\BOOKMARK [2][-]{subsection.1.2.1}{\376\377\000D\000o\000s\000t\000u\000p\000n\000\351\000\040\000p\000r\000o\000s\000t\001\131\000e\000d\000k\000y}{section.1.2}% 9
\BOOKMARK [2][-]{subsection.1.2.2}{\376\377\000L\000o\000g\000i\000c\000k\000\341\000\040\000s\000y\000n\000t\000\351\000z\000a}{section.1.2}% 10
\BOOKMARK [2][-]{subsection.1.2.3}{\376\377\000V\000\375\000v\000o\000j\000o\000v\000\341\000\040\000d\000e\000s\000k\000a\000\040\000D\000i\000g\000i\000l\000e\000n\000t\000\040\000B\000a\000s\000y\000s\000\040\0002}{section.1.2}% 11
\BOOKMARK [2][-]{subsection.1.2.4}{\376\377\000P\000r\000o\000s\000t\001\131\000e\000d\000\355\000\040\000X\000i\000l\000i\000n\000x\000\040\000I\000S\000E}{section.1.2}% 12
\BOOKMARK [1][-]{section.1.3}{\376\377\000R\000o\000z\000h\000r\000a\000n\000\355}{chapter.1}% 13
\BOOKMARK [2][-]{subsection.1.3.1}{\376\377\0007\000-\000s\000e\000g\000m\000e\000n\000t\000o\000v\000\375\000\040\000d\000i\000s\000p\000l\000e\000j}{section.1.3}% 14
\BOOKMARK [2][-]{subsection.1.3.2}{\376\377\000P\000S\000/\0002}{section.1.3}% 15
\BOOKMARK [2][-]{subsection.1.3.3}{\376\377\000V\000G\000A}{section.1.3}% 16
\BOOKMARK [1][-]{section.1.4}{\376\377\000H\000r\000a\000\040\000P\000a\000c\000m\000a\000n}{chapter.1}% 17
\BOOKMARK [2][-]{subsection.1.4.1}{\376\377\000P\000r\000i\000n\000c\000i\000p}{section.1.4}% 18
\BOOKMARK [2][-]{subsection.1.4.2}{\376\377\000O\000v\000l\000\341\000d\000\341\000n\000\355}{section.1.4}% 19
\BOOKMARK [0][-]{chapter.2}{\376\377\000N\000\341\000v\000r\000h\000\040\000h\000r\000y}{}% 20
\BOOKMARK [1][-]{section.2.1}{\376\377\000S\000p\000e\000c\000i\000f\000i\000k\000a\000c\000e\000\040\000h\000r\000y}{chapter.2}% 21
\BOOKMARK [2][-]{subsection.2.1.1}{\376\377\000C\000\355\000l\000\040\000a\000\040\000c\000h\000o\000v\000\341\000n\000\355\000\040\000h\000r\000y}{section.2.1}% 22
\BOOKMARK [2][-]{subsection.2.1.2}{\376\377\000H\000e\000r\000n\000\355\000\040\000m\000a\000p\000a}{section.2.1}% 23
\BOOKMARK [2][-]{subsection.2.1.3}{\376\377\000P\000o\000s\000t\000a\000v\000y\000\040\000a\000\040\000j\000e\000j\000i\000c\000h\000\040\000c\000h\000o\000v\000\341\000n\000\355}{section.2.1}% 24
\BOOKMARK [1][-]{section.2.2}{\376\377\000H\000e\000r\000n\000\355\000\040\000t\000e\000x\000t\000u\000r\000y}{chapter.2}% 25
\BOOKMARK [2][-]{subsection.2.2.1}{\376\377\000R\000G\000B}{section.2.2}% 26
\BOOKMARK [2][-]{subsection.2.2.2}{\376\377\000T\000e\000x\000t\000u\000r\000y\000\040\000j\000a\000k\000o\000\040\000m\000a\000t\000i\000c\000e\000\040\000b\000a\000r\000e\000v}{section.2.2}% 27
\BOOKMARK [0][-]{chapter.3}{\376\377\000I\000m\000p\000l\000e\000m\000e\000n\000t\000a\000c\000e}{}% 28
\BOOKMARK [1][-]{section.3.1}{\376\377\000M\000o\000d\000u\000l\000\040\000p\000r\000o\000\040\001\015\000t\000e\000n\000\355\000\040\000z\000\040\000P\000S\000/\0002\000\040\000k\000l\000\341\000v\000e\000s\000n\000i\000c\000e}{chapter.3}% 29
\BOOKMARK [2][-]{subsection.3.1.1}{\376\377\000Z\000p\000r\000a\000c\000o\000v\000\341\000n\000\355\000\040\000v\000s\000t\000u\000p\000u}{section.3.1}% 30
\BOOKMARK [2][-]{subsection.3.1.2}{\376\377\000G\000e\000n\000e\000r\000o\000v\000\341\000n\000\355\000\040\000v\000\375\000s\000t\000u\000p\000u}{section.3.1}% 31
\BOOKMARK [1][-]{section.3.2}{\376\377\000M\000o\000d\000u\000l\000\040\000p\000r\000o\000\040\000v\000\375\000s\000t\000u\000p\000\040\000n\000a\000\040\000V\000G\000A\000\040\000m\000o\000n\000i\000t\000o\000r}{chapter.3}% 32
\BOOKMARK [2][-]{subsection.3.2.1}{\376\377\001\014\000a\000s\000o\000v\000\341\000n\000\355\000\040\000V\000G\000A}{section.3.2}% 33
\BOOKMARK [2][-]{subsection.3.2.2}{\376\377\000P\000r\000o\000p\000s\000\341\000n\000\355\000\040\000t\000e\000x\000t\000u\000r\000\040\000n\000a\000\040\000m\000o\000n\000i\000t\000o\000r}{section.3.2}% 34
\BOOKMARK [1][-]{section.3.3}{\376\377\000H\000e\000r\000n\000\355\000\040\000l\000o\000g\000i\000k\000a}{chapter.3}% 35
\BOOKMARK [2][-]{subsection.3.3.1}{\376\377\000H\000e\000r\000n\000\355\000\040\000m\000a\000p\000a}{section.3.3}% 36
\BOOKMARK [2][-]{subsection.3.3.2}{\376\377\000O\000v\000l\000\341\000d\000\341\000n\000\355\000\040\000p\000o\000s\000t\000a\000v}{section.3.3}% 37
\BOOKMARK [2][-]{subsection.3.3.3}{\376\377\000C\000\355\000l\000e\000\040\000h\000r\000y}{section.3.3}% 38
\BOOKMARK [0][-]{chapter.4}{\376\377\000T\000e\000s\000t\000o\000v\000\341\000n\000\355}{}% 39
\BOOKMARK [1][-]{chapter*.3}{\376\377\000Z\000\341\000v\001\033\000r}{chapter.4}% 40
